<?xml version="1.0" encoding="UTF-8"?>
<testsuite xmlns:xsi="http://www.w3.org/2001/XMLSchema-instance" xsi:noNamespaceSchemaLocation="https://maven.apache.org/surefire/maven-surefire-plugin/xsd/surefire-test-report-3.0.xsd" version="3.0" name="com.example.shoppingList.ShoppingListApplicationTests" time="13.145" tests="1" errors="0" skipped="0" failures="0">
  <properties>
[...]
</properties>
  <testcase name="contextLoads" classname="com.example.shoppingList.ShoppingListApplicationTests" time="0.925">
    <system-out><![CDATA[10:23:58.319 [main] INFO org.springframework.test.context.support.AnnotationConfigContextLoaderUtils -- Could not detect default configuration classes for test class [com.example.shoppingList.ShoppingListApplicationTests]: ShoppingListApplicationTests does not declare any static, non-private, non-final, nested classes annotated with @Configuration.
10:23:58.535 [main] INFO org.springframework.boot.test.context.SpringBootTestContextBootstrapper -- Found @SpringBootConfiguration com.example.shoppingList.ShoppingListApplication for test class com.example.shoppingList.ShoppingListApplicationTests
  .   ____          _            __ _ _
 /\\ / ___'_ __ _ _(_)_ __  __ _ \ \ \ \
( ( )\___ | '_ | '_| | '_ \/ _` | \ \ \ \
 \\/  ___)| |_)| | | | | || (_| |  ) ) ) )
  '  |____| .__|_| |_|_| |_\__, | / / / /
 =========|_|==============|___/=/_/_/_/

 :: Spring Boot ::                (v3.3.0)

2024-06-18T10:23:59.641+02:00  INFO 21272 --- [shoppingList] [           main] c.e.s.ShoppingListApplicationTests       : Starting ShoppingListApplicationTests using Java 22 with PID 21272 (started by Szymon in C:\Users\Szymon\OneDrive\Pulpit\Shopping List\shoppingList)
2024-06-18T10:23:59.643+02:00  INFO 21272 --- [shoppingList] [           main] c.e.s.ShoppingListApplicationTests       : No active profile set, falling back to 1 default profile: "default"
2024-06-18T10:24:01.071+02:00  INFO 21272 --- [shoppingList] [           main] .s.d.r.c.RepositoryConfigurationDelegate : Bootstrapping Spring Data JPA repositories in DEFAULT mode.
2024-06-18T10:24:01.240+02:00  INFO 21272 --- [shoppingList] [           main] .s.d.r.c.RepositoryConfigurationDelegate : Finished Spring Data repository scanning in 145 ms. Found 1 JPA repository interface.
2024-06-18T10:24:02.537+02:00  INFO 21272 --- [shoppingList] [           main] o.hibernate.jpa.internal.util.LogHelper  : HHH000204: Processing PersistenceUnitInfo [name: default]
2024-06-18T10:24:02.706+02:00  INFO 21272 --- [shoppingList] [           main] org.hibernate.Version                    : HHH000412: Hibernate ORM core version 6.5.2.Final
2024-06-18T10:24:02.800+02:00  INFO 21272 --- [shoppingList] [           main] o.h.c.internal.RegionFactoryInitiator    : HHH000026: Second-level cache disabled
2024-06-18T10:24:03.684+02:00  INFO 21272 --- [shoppingList] [           main] o.s.o.j.p.SpringPersistenceUnitInfo      : No LoadTimeWeaver setup: ignoring JPA class transformer
2024-06-18T10:24:03.769+02:00  INFO 21272 --- [shoppingList] [           main] com.zaxxer.hikari.HikariDataSource       : HikariPool-1 - Starting...
2024-06-18T10:24:04.360+02:00  INFO 21272 --- [shoppingList] [           main] com.zaxxer.hikari.pool.HikariPool        : HikariPool-1 - Added connection org.postgresql.jdbc.PgConnection@2e2b9f53
2024-06-18T10:24:04.368+02:00  INFO 21272 --- [shoppingList] [           main] com.zaxxer.hikari.HikariDataSource       : HikariPool-1 - Start completed.
2024-06-18T10:24:04.551+02:00  WARN 21272 --- [shoppingList] [           main] org.hibernate.orm.deprecation            : HHH90000025: PostgreSQLDialect does not need to be specified explicitly using 'hibernate.dialect' (remove the property setting and it will be selected by default)
2024-06-18T10:24:07.011+02:00  INFO 21272 --- [shoppingList] [           main] o.h.e.t.j.p.i.JtaPlatformInitiator       : HHH000489: No JTA platform available (set 'hibernate.transaction.jta.platform' to enable JTA platform integration)
Hibernate: drop table if exists product cascade
2024-06-18T10:24:07.057+02:00  WARN 21272 --- [shoppingList] [           main] o.h.engine.jdbc.spi.SqlExceptionHelper   : SQL Warning Code: 0, SQLState: 00000
2024-06-18T10:24:07.058+02:00  WARN 21272 --- [shoppingList] [           main] o.h.engine.jdbc.spi.SqlExceptionHelper   : tabela "product" nie istnieje, pominięto
Hibernate: drop sequence if exists product_sequence
2024-06-18T10:24:07.059+02:00  WARN 21272 --- [shoppingList] [           main] o.h.engine.jdbc.spi.SqlExceptionHelper   : SQL Warning Code: 0, SQLState: 00000
2024-06-18T10:24:07.059+02:00  WARN 21272 --- [shoppingList] [           main] o.h.engine.jdbc.spi.SqlExceptionHelper   : sekwencja "product_sequence" nie istnieje, pominięto
Hibernate: create sequence product_sequence start with 1 increment by 1
Hibernate: create table product (price float(53) not null, quantity float(53) not null, id bigint not null, name varchar(255), unit varchar(255), primary key (id))
2024-06-18T10:24:07.116+02:00  INFO 21272 --- [shoppingList] [           main] j.LocalContainerEntityManagerFactoryBean : Initialized JPA EntityManagerFactory for persistence unit 'default'
2024-06-18T10:24:07.855+02:00  INFO 21272 --- [shoppingList] [           main] o.s.d.j.r.query.QueryEnhancerFactory     : Hibernate is in classpath; If applicable, HQL parser will be used.
2024-06-18T10:24:10.017+02:00  INFO 21272 --- [shoppingList] [           main] c.e.s.ShoppingListApplicationTests       : Started ShoppingListApplicationTests in 11.18 seconds (process running for 13.357)
Hibernate: select nextval('product_sequence')
Hibernate: select nextval('product_sequence')
Hibernate: insert into product (name,price,quantity,unit,id) values (?,?,?,?,?)
Hibernate: insert into product (name,price,quantity,unit,id) values (?,?,?,?,?)
]]></system-out>
    <system-err><![CDATA[WARNING: A Java agent has been loaded dynamically (C:\Users\Szymon\.m2\repository\net\bytebuddy\byte-buddy-agent\1.14.16\byte-buddy-agent-1.14.16.jar)
WARNING: If a serviceability tool is in use, please run with -XX:+EnableDynamicAgentLoading to hide this warning
WARNING: If a serviceability tool is not in use, please run with -Djdk.instrument.traceUsage for more information
WARNING: Dynamic loading of agents will be disallowed by default in a future release
]]></system-err>
  </testcase>
</testsuite>